1583080899384	mozrunner::runner	INFO	Running command: "C:\\Program Files\\Mozilla Firefox\\firefox.exe" "-marionette" "-foreground" "-no-remote" "-profile" "C:\\Users\\u22\\AppData\\Local\\Temp\\rust_mozprofile.cM7OGSXNOIxd"
1583080899980	addons.webextension.doh-rollout@mozilla.org	WARN	Loading extension 'doh-rollout@mozilla.org': Reading manifest: Invalid extension permission: networkStatus
1583080900001	addons.webextension.screenshots@mozilla.org	WARN	Loading extension 'screenshots@mozilla.org': Reading manifest: Invalid extension permission: mozillaAddons
1583080900001	addons.webextension.screenshots@mozilla.org	WARN	Loading extension 'screenshots@mozilla.org': Reading manifest: Invalid extension permission: telemetry
1583080900012	addons.webextension.screenshots@mozilla.org	WARN	Loading extension 'screenshots@mozilla.org': Reading manifest: Invalid extension permission: resource://pdf.js/
1583080900012	addons.webextension.screenshots@mozilla.org	WARN	Loading extension 'screenshots@mozilla.org': Reading manifest: Invalid extension permission: about:reader*
JavaScript error: resource://gre/modules/XULStore.jsm, line 66: Error: Can't find profile directory.
1583080902719	Marionette	INFO	Listening on port 52717
1583080903103	Marionette	WARN	TLS certificate errors will be ignored for this session

###!!! [Parent][RunMessage] Error: Channel error: cannot send/recv


###!!! [Parent][RunMessage] Error: Channel error: cannot send/recv


###!!! [Parent][RunMessage] Error: Channel error: cannot send/recv


###!!! [Parent][RunMessage] Error: Channel error: cannot send/recv


###!!! [Parent][RunMessage] Error: Channel error: cannot send/recv


###!!! [Parent][RunMessage] Error: Channel error: cannot send/recv


###!!! [Parent][RunMessage] Error: Channel error: cannot send/recv


###!!! [Parent][RunMessage] Error: Channel error: cannot send/recv


###!!! [Parent][RunMessage] Error: Channel error: cannot send/recv


###!!! [Parent][RunMessage] Error: Channel error: cannot send/recv


###!!! [Parent][RunMessage] Error: Channel error: cannot send/recv

A content process crashed and MOZ_CRASHREPORTER_SHUTDOWN is set, shutting down
A content process crashed and MOZ_CRASHREPORTER_SHUTDOWN is set, shutting down
console.error: (new Error("SessionFile is closed", "resource:///modules/sessionstore/SessionFile.jsm", 433))
[Parent 41180, Gecko_IOThread] WARNING: file z:/task_1581954009/build/src/ipc/chromium/src/base/process_util_win.cc, line 160
WARNING: At least one completion condition is taking too long to complete. Conditions: [{"name":"CrashMonitor: Writing notifications to file after receiving profile-before-change","state":"(none)","filename":"resource://gre/modules/CrashMonitor.jsm","lineNumber":176,"stack":["resource://gre/modules/CrashMonitor.jsm:init:176","resource://gre/modules/nsCrashMonitor.jsm:observe:19"]}] Barrier: OS.File: Waiting for clients before profileBeforeChange
WARNING: At least one completion condition is taking too long to complete. Conditions: [{"name":"PlacesUtils read-only connection closing as part of Places shutdown","state":"1. Service has initiated shutdown","filename":"resource://gre/modules/PlacesUtils.jsm","lineNumber":2002,"stack":["resource://gre/modules/PlacesUtils.jsm:setupDbForShutdown/promiseClosed<:2002","resource://gre/modules/PlacesUtils.jsm:setupDbForShutdown:1997","resource://gre/modules/PlacesUtils.jsm:null:2043"]}] Barrier: Places Connection shutdown
WARNING: At least one completion condition is taking too long to complete. Conditions: [{"name":"PlacesUtils read-only connection must be closed before Sqlite.jsm","state":"1. Service has initiated shutdown","filename":"resource://gre/modules/PlacesUtils.jsm","lineNumber":2025,"stack":["resource://gre/modules/PlacesUtils.jsm:setupDbForShutdown:2025","resource://gre/modules/PlacesUtils.jsm:null:2043"]}] Barrier: Sqlite.jsm: wait until all clients have completed their task
WARNING: At least one completion condition is taking too long to complete. Conditions: [{"name":"OS.File: flush I/O queued before profileBeforeChange","state":{"launched":true,"shutdown":false,"worker":true,"pendingReset":false,"latestSent":["Sun Mar 01 2020 22:49:29 GMT+0530 (India Standard Time)","stat"],"latestReceived":["Sun Mar 01 2020 22:49:29 GMT+0530 (India Standard Time)",{"path":"D:\\Works\\njdg\\data\\2014-2015\\September\\report.xls","isDir":null,"isSymLink":null,"size":36355,"creationDate":{},"winBirthDate":{},"lastAccessDate":{},"lastModificationDate":{},"winAttributes":{"readOnly":null,"system":null,"hidden":null}}],"messagesSent":148,"messagesReceived":148,"messagesQueued":148,"DEBUG":false,"clients":[{"name":"CrashMonitor: Writing notifications to file after receiving profile-before-change","state":"(none)","filename":"resource://gre/modules/CrashMonitor.jsm","lineNumber":176,"stack":["resource://gre/modules/CrashMonitor.jsm:init:176","resource://gre/modules/nsCrashMonitor.jsm:observe:19"]}]},"filename":"resource://gre/modules/osfile/osfile_async_front.jsm","lineNumber":1652,"stack":["resource://gre/modules/osfile/osfile_async_front.jsm:setupShutdown:1652","resource://gre/modules/osfile/osfile_async_front.jsm:null:1672","resource://gre/modules/osfile.jsm:null:11","resource://gre/modules/addons/GMPProvider.jsm:null:16","resource://gre/modules/AddonManager.jsm:startup:774","resource://gre/modules/AddonManager.jsm:startup:3474","resource://gre/modules/addonManager.js:observe:87"]},{"name":"Places Connection shutdown","state":{"progress":{},"Barrier":{}},"filename":"z:/task_1581954009/build/src/toolkit/components/places/Database.cpp","lineNumber":495,"stack":["resource://gre/modules/nsAsyncShutdown.jsm:addBlocker:162","resource://gre/modules/PlacesUtils.jsm:null:1915","resource://gre/modules/XPCOMUtils.jsm:get:129","resource://gre/modules/PageThumbs.jsm:PageThumbs_init:118","resource:///modules/BrowserGlue.jsm:BG__onFirstWindowLoaded:1580","resource:///modules/BrowserGlue.jsm:BG_observe:822","chrome://browser/content/browser.js:_delayedStartup:2090"]},{"name":"Sqlite.jsm shutdown blocker","state":{"description":"Waiting for the barrier to be lifted","state":[{"name":"PlacesUtils read-only connection must be closed before Sqlite.jsm","state":"1. Service has initiated shutdown","filename":"resource://gre/modules/PlacesUtils.jsm","lineNumber":2025,"stack":["resource://gre/modules/PlacesUtils.jsm:setupDbForShutdown:2025","resource://gre/modules/PlacesUtils.jsm:null:2043"]}]},"filename":"resource://gre/modules/Sqlite.jsm","lineNumber":170,"stack":["resource://gre/modules/Sqlite.jsm:null:170","resource://gre/modules/XPCOMUtils.jsm:get:129","resource://gre/modules/Sqlite.jsm:ConnectionData:293","resource://gre/modules/Sqlite.jsm:OpenedConnection:1294","resource://gre/modules/Sqlite.jsm:openConnection/</<:1090"]}] Barrier: profile-before-change
1583083236185	Marionette	INFO	Stopped listening on port 52717
